-------------------------------------------------------------------------------
Test set: RunCucumberTest
-------------------------------------------------------------------------------
Tests run: 2, Failures: 0, Errors: 2, Skipped: 0, Time elapsed: 2.587 sec <<< FAILURE!
Validates login fiels - "E-mail incorreto"(Login)  Time elapsed: 0.078 sec  <<< ERROR!
io.cucumber.junit.UndefinedStepException: The step 'Be on the main screen' and 5 other step(s) are undefined.
You can implement these steps using the snippet(s) below:

@Given("Be on the main screen")
public void be_on_the_main_screen() {
    // Write code here that turns the phrase above into concrete actions
    throw new io.cucumber.java.PendingException();
}
@Given("Access the login screen")
public void access_the_login_screen() {
    // Write code here that turns the phrase above into concrete actions
    throw new io.cucumber.java.PendingException();
}
@Given("I fill {string} as {string}")
public void i_fill_as(String string, String string2) {
    // Write code here that turns the phrase above into concrete actions
    throw new io.cucumber.java.PendingException();
}
@When("I click on login button")
public void i_click_on_login_button() {
    // Write code here that turns the phrase above into concrete actions
    throw new io.cucumber.java.PendingException();
}
@Then("I receive the error message {string}")
public void i_receive_the_error_message(String string) {
    // Write code here that turns the phrase above into concrete actions
    throw new io.cucumber.java.PendingException();
}


Validates login fiels - "Senha inválida"(Login)  Time elapsed: 0.007 sec  <<< ERROR!
io.cucumber.junit.UndefinedStepException: The step 'Be on the main screen' and 5 other step(s) are undefined.
You can implement these steps using the snippet(s) below:

@Given("Be on the main screen")
public void be_on_the_main_screen() {
    // Write code here that turns the phrase above into concrete actions
    throw new io.cucumber.java.PendingException();
}
@Given("Access the login screen")
public void access_the_login_screen() {
    // Write code here that turns the phrase above into concrete actions
    throw new io.cucumber.java.PendingException();
}
@Given("I fill {string} as {string}")
public void i_fill_as(String string, String string2) {
    // Write code here that turns the phrase above into concrete actions
    throw new io.cucumber.java.PendingException();
}
@When("I click on login button")
public void i_click_on_login_button() {
    // Write code here that turns the phrase above into concrete actions
    throw new io.cucumber.java.PendingException();
}
@Then("I receive the error message {string}")
public void i_receive_the_error_message(String string) {
    // Write code here that turns the phrase above into concrete actions
    throw new io.cucumber.java.PendingException();
}


