<?xml version="1.0" encoding="UTF-8" ?>
<testsuite tests="2" failures="0" name="RunCucumberTest" time="0.085" errors="2" skipped="0">
  <properties>
[...]
</properties>
  <testcase classname="Login" name="Validates login fiels - &quot;E-mail incorreto&quot;" time="0.078">
    <error message="The step &apos;Be on the main screen&apos; and 5 other step(s) are undefined.
You can implement these steps using the snippet(s) below:

@Given(&quot;Be on the main screen&quot;)
public void be_on_the_main_screen() {
    // Write code here that turns the phrase above into concrete actions
    throw new io.cucumber.java.PendingException();
}
@Given(&quot;Access the login screen&quot;)
public void access_the_login_screen() {
    // Write code here that turns the phrase above into concrete actions
    throw new io.cucumber.java.PendingException();
}
@Given(&quot;I fill {string} as {string}&quot;)
public void i_fill_as(String string, String string2) {
    // Write code here that turns the phrase above into concrete actions
    throw new io.cucumber.java.PendingException();
}
@When(&quot;I click on login button&quot;)
public void i_click_on_login_button() {
    // Write code here that turns the phrase above into concrete actions
    throw new io.cucumber.java.PendingException();
}
@Then(&quot;I receive the error message {string}&quot;)
public void i_receive_the_error_message(String string) {
    // Write code here that turns the phrase above into concrete actions
    throw new io.cucumber.java.PendingException();
}
" type="io.cucumber.junit.UndefinedStepException">io.cucumber.junit.UndefinedStepException: The step &apos;Be on the main screen&apos; and 5 other step(s) are undefined.
You can implement these steps using the snippet(s) below:

@Given(&quot;Be on the main screen&quot;)
public void be_on_the_main_screen() {
    // Write code here that turns the phrase above into concrete actions
    throw new io.cucumber.java.PendingException();
}
@Given(&quot;Access the login screen&quot;)
public void access_the_login_screen() {
    // Write code here that turns the phrase above into concrete actions
    throw new io.cucumber.java.PendingException();
}
@Given(&quot;I fill {string} as {string}&quot;)
public void i_fill_as(String string, String string2) {
    // Write code here that turns the phrase above into concrete actions
    throw new io.cucumber.java.PendingException();
}
@When(&quot;I click on login button&quot;)
public void i_click_on_login_button() {
    // Write code here that turns the phrase above into concrete actions
    throw new io.cucumber.java.PendingException();
}
@Then(&quot;I receive the error message {string}&quot;)
public void i_receive_the_error_message(String string) {
    // Write code here that turns the phrase above into concrete actions
    throw new io.cucumber.java.PendingException();
}

</error>
  </testcase>
  <testcase classname="Login" name="Validates login fiels - &quot;Senha inválida&quot;" time="0.007">
    <error message="The step &apos;Be on the main screen&apos; and 5 other step(s) are undefined.
You can implement these steps using the snippet(s) below:

@Given(&quot;Be on the main screen&quot;)
public void be_on_the_main_screen() {
    // Write code here that turns the phrase above into concrete actions
    throw new io.cucumber.java.PendingException();
}
@Given(&quot;Access the login screen&quot;)
public void access_the_login_screen() {
    // Write code here that turns the phrase above into concrete actions
    throw new io.cucumber.java.PendingException();
}
@Given(&quot;I fill {string} as {string}&quot;)
public void i_fill_as(String string, String string2) {
    // Write code here that turns the phrase above into concrete actions
    throw new io.cucumber.java.PendingException();
}
@When(&quot;I click on login button&quot;)
public void i_click_on_login_button() {
    // Write code here that turns the phrase above into concrete actions
    throw new io.cucumber.java.PendingException();
}
@Then(&quot;I receive the error message {string}&quot;)
public void i_receive_the_error_message(String string) {
    // Write code here that turns the phrase above into concrete actions
    throw new io.cucumber.java.PendingException();
}
" type="io.cucumber.junit.UndefinedStepException">io.cucumber.junit.UndefinedStepException: The step &apos;Be on the main screen&apos; and 5 other step(s) are undefined.
You can implement these steps using the snippet(s) below:

@Given(&quot;Be on the main screen&quot;)
public void be_on_the_main_screen() {
    // Write code here that turns the phrase above into concrete actions
    throw new io.cucumber.java.PendingException();
}
@Given(&quot;Access the login screen&quot;)
public void access_the_login_screen() {
    // Write code here that turns the phrase above into concrete actions
    throw new io.cucumber.java.PendingException();
}
@Given(&quot;I fill {string} as {string}&quot;)
public void i_fill_as(String string, String string2) {
    // Write code here that turns the phrase above into concrete actions
    throw new io.cucumber.java.PendingException();
}
@When(&quot;I click on login button&quot;)
public void i_click_on_login_button() {
    // Write code here that turns the phrase above into concrete actions
    throw new io.cucumber.java.PendingException();
}
@Then(&quot;I receive the error message {string}&quot;)
public void i_receive_the_error_message(String string) {
    // Write code here that turns the phrase above into concrete actions
    throw new io.cucumber.java.PendingException();
}

</error>
  </testcase>
</testsuite>